  0.409582] clocksource: tsc: mask: 0xffffffffffffffff max_cycles: 0x240933eba6e, max_idle_ns: 440795246008 ns
[    0.409600] Trying to unpack rootfs image as initramfs...
[    0.412435] clocksource: Switched to clocksource tsc
[    0.424495] Freeing initrd memory: 12964K
[    0.447893] Initialise system trusted keyrings
[    0.448598] Key type blacklist registered
[    0.449401] workingset: timestamp_bits=36 max_order=18 bucket_order=0
[    0.450439] zbud: loaded
[    0.451149] squashfs: version 4.0 (2009/01/31) Phillip Lougher
[    0.452245] fuse: init (API version 7.42)
[    0.453089] integrity: Platform Keyring initialized
[    0.453906] integrity: Machine keyring initialized
[    0.466748] Key type asymmetric registered
[    0.467383] Asymmetric key parser 'x509' registered
[    0.468149] Block layer SCSI generic (bsg) driver version 0.4 loaded (major 243)
[    0.469428] io scheduler mq-deadline registered
[    0.470373] ledtrig-cpu: registered to indicate activity on CPUs
[    0.471341] shpchp: Standard Hot Plug PCI Controller Driver version: 0.4
[    0.472501] input: Power Button as /devices/LNXSYSTM:00/LNXPWRBN:00/input/input0
[    0.473720] ACPI: button: Power Button [PWRF]
[    0.474418] input: Sleep Button as /devices/LNXSYSTM:00/LNXSLPBN:00/input/input1
[    0.475587] ACPI: button: Sleep Button [SLPF]
[    0.476820] Serial: 8250/16550 driver, 4 ports, IRQ sharing enabled
[    0.502531] 00:04: ttyS0 at I/O 0x3f8 (irq = 4, base_baud = 115200) is a 16550A
[    0.504566] Linux agpgart interface v0.103
[    0.506836] loop: module loaded
[    0.507548] Key type psk registered
[    0.508557] ACPI: bus type drm_connector registered
[    0.508612] nvme nvme0: pci function 0000:00:04.0
[    0.509880] tun: Universal TUN/TAP device driver, 1.6
[    0.510921] ACPI: \_SB_.LNKD: Enabled at IRQ 11
[    0.511515] PPP generic driver version 2.4.2
[    0.513341] i8042: PNP: PS/2 Controller [PNP0303:KBD,PNP0f13:MOU] at 0x60,0x64 irq 1,12
[    0.514940] i8042: Warning: Keylock active
[    0.516669] serio: i8042 KBD port at 0x60,0x64 irq 1
[    0.517511] serio: i8042 AUX port at 0x60,0x64 irq 12
[    0.518738] mousedev: PS/2 mouse device common for all mice
[    0.520039] rtc_cmos 00:00: RTC can wake from S4
[    0.521653] nvme nvme0: 2/0/0 default/read/poll queues
[    0.522295] rtc_cmos 00:00: registered as rtc0
[    0.523554] rtc_cmos 00:00: setting system clock to 2025-10-28T10:01:20 UTC (1761645680)
[    0.524903] rtc_cmos 00:00: alarms up to one day, 114 bytes nvram
[    0.525870] i2c_dev: i2c /dev entries driver
[    0.526661] device-mapper: core: CONFIG_IMA_DISABLE_HTABLE is disabled. Duplicate IMA measurements will not be recorded in the IMA log.
[    0.528525] device-mapper: uevent: version 1.0.3
[    0.529380] device-mapper: ioctl: 4.49.0-ioctl (2025-01-17) initialised: dm-devel@lists.linux.dev
[    0.530738] intel_pstate: CPU model not supported
[    0.531719] simple-framebuffer simple-framebuffer.0: [drm] Registered 1 planes with drm panic
[    0.532777]  nvme0n1: p1 p14 p15 p16
[    0.533082] [drm] Initialized simpledrm 1.0.0 for simple-framebuffer.0 on minor 0
[    0.536231] Console: switching to colour frame buffer device 100x37
[    0.538104] simple-framebuffer simple-framebuffer.0: [drm] fb0: simpledrmdrmfb frame buffer device
[    0.539746] drop_monitor: Initializing network drop monitor service
[    0.540903] NET: Registered PF_INET6 protocol family
[    0.542645] Segment Routing with IPv6
[    0.543243] In-situ OAM (IOAM) with IPv6
[    0.543884] NET: Registered PF_PACKET protocol family
[    0.544780] Key type dns_resolver registered
[    0.545883] resctrl: No MBM correction factor available
[    0.546746] IPI shorthand broadcast: enabled
[    0.549304] sched_clock: Marking stable (403002625, 145632012)->(659438974, -110804337)
[    0.550785] registered taskstats version 1
[    0.552588] Loading compiled-in X.509 certificates
[    0.554604] Loaded X.509 cert 'Build time autogenerated kernel key: 0cf8a6b46dcd641ad7b737fe6daf194f26895f62'
[    0.557294] Loaded X.509 cert 'Canonical Ltd. Live Patch Signing 2025 Kmod: d541cef61dc7e793b7eb7e899970a2eef0b5dc8c'
[    0.560208] Loaded X.509 cert 'Canonical Ltd. Live Patch Signing: 14df34d1a87cf37625abec039ef2bf521249b969'
[    0.563012] Loaded X.509 cert 'Canonical Ltd. Kernel Module Signing: 88f752e560a1e0737e31163a466ad7b70a850c19'
[    0.565043] blacklist: Loading compiled-in revocation X.509 certificates
[    0.566731] Loaded X.509 cert 'Canonical Ltd. Secure Boot Signing: 61482aa2830d0ab2ad5af10b7250da9033ddcef0'
[    0.569092] Loaded X.509 cert 'Canonical Ltd. Secure Boot Signing (2017): 242ade75ac4a15e50d50c84b0d45ff3eae707a03'
[    0.571608] Loaded X.509 cert 'Canonical Ltd. Secure Boot Signing (ESM 2018): 365188c1d374d6b07c3c8f240f8ef722433d6a8b'
[    0.574132] Loaded X.509 cert 'Canonical Ltd. Secure Boot Signing (2019): c0746fd6c5da3ae827864651ad66ae47fe24b3e8'
[    0.576646] Loaded X.509 cert 'Canonical Ltd. Secure Boot Signing (2021 v1): a8d54bbb3825cfb94fa13c9f8a594a195c107b8d'
[    0.578873] Loaded X.509 cert 'Canonical Ltd. Secure Boot Signing (2021 v2): 4cf046892d6fd3c9a5b03f98d845f90851dc6a8c'
[    0.581576] Loaded X.509 cert 'Canonical Ltd. Secure Boot Signing (2021 v3): 100437bb6de6e469b581e61cd66bce3ef4ed53af'
[    0.584169] Loaded X.509 cert 'Canonical Ltd. Secure Boot Signing (Ubuntu Core 2019): c1d57b8f6b743f23ee41f4f7ee292f06eecadfb9'
[    0.590853] Demotion targets for Node 0: null
[    0.592070] Key type .fscrypt registered
[    0.593121] Key type fscrypt-provisioning registered
[    0.595556] Key type encrypted registered
[    0.596667] AppArmor: AppArmor sha256 policy hashing enabled
[    0.598295] ima: No TPM chip found, activating TPM-bypass!
[    0.599454] Loading compiled-in module X.509 certificates
[    0.601265] Loaded X.509 cert 'Build time autogenerated kernel key: 0cf8a6b46dcd641ad7b737fe6daf194f26895f62'
[    0.603374] ima: Allocated hash algorithm: sha256
[    0.604697] ima: No architecture policies found
[    0.605819] evm: Initialising EVM extended attributes:
[    0.606913] evm: security.selinux
[    0.607756] evm: security.SMACK64
[    0.608535] evm: security.SMACK64EXEC
[    0.609375] evm: security.SMACK64TRANSMUTE
[    0.610301] evm: security.SMACK64MMAP
[    0.611127] evm: security.apparmor
[    0.611914] evm: security.ima
[    0.612613] evm: security.capability
[    0.613414] evm: HMAC attrs: 0x1
[    0.614593] PM:   Magic number: 13:151:23
[    0.620331] RAS: Correctable Errors collector initialized.
[    0.637650] clk: Disabling unused clocks
[    0.638680] PM: genpd: Disabling unused power domains
[    1.025254] input: AT Translated Set 2 keyboard as /devices/platform/i8042/serio0/input/input2
[    1.027394] md: Waiting for all devices to be available before autodetect
[    1.028452] md: If you don't use raid, use raid=noautodetect
[    1.029685] md: Autodetecting RAID arrays.
[    1.030354] md: autorun ...
[    1.030845] md: ... autorun DONE.
[    1.056144] EXT4-fs (nvme0n1p1): mounted filesystem 41a438f9-9b73-40e9-9093-3c0a3ce03d5c ro with ordered data mode. Quota mode: none.
[    1.058134] VFS: Mounted root (ext4 filesystem) readonly on device 259:1.
[    1.067835] devtmpfs: mounted
[    1.070277] Freeing unused decrypted memory: 2028K
[    1.072502] Freeing unused kernel image (initmem) memory: 5248K
[    1.073803] Write protecting the kernel read-only data: 38912k
[    1.075324] Freeing unused kernel image (text/rodata gap) memory: 1084K
[    1.077281] Freeing unused kernel image (rodata/data gap) memory: 1268K
[    1.128929] x86/mm: Checked W+X mappings: passed, no W+X pages found.
[    1.129924] x86/mm: Checking user space page tables
[    1.178652] x86/mm: Checked W+X mappings: passed, no W+X pages found.
[    1.179699] Run /sbin/init as init process
[    2.043011] systemd[1]: Inserted module 'autofs4'
[    2.120805] systemd[1]: systemd 255.4-1ubuntu8.10 running in system mode (+PAM +AUDIT +SELINUX +APPARMOR +IMA +SMACK +SECCOMP +GCRYPT -GNUTLS +OPENSSL +ACL +BLKID +CURL +ELFUTILS +FIDO2 +IDN2 -IDN +IPTC +KMOD +LIBCRYPTSETUP +LIBFDISK +PCRE2 -PWQUALITY +P11KIT +QRENCODE +TPM2 +BZIP2 +LZ4 +XZ +ZLIB +ZSTD -BPF_FRAMEWORK -XKBCOMMON +UTMP +SYSVINIT default-hierarchy=unified)
[    2.126131] systemd[1]: Detected virtualization amazon.
[    2.127113] systemd[1]: Detected architecture x86-64.

Welcome to [1mUbuntu 24.04.3 LTS[0m!


[    2.140144] systemd[1]: Hostname set to <ubuntu>.
[    2.161823] systemd[1]: Initializing machine ID from VM UUID.
[    2.162920] systemd[1]: Installed transient /etc/machine-id file.
[    2.926749] systemd[1]: Queued start job for default target graphical.target.
[    2.953315] systemd[1]: Created slice system-modprobe.slice - Slice /system/modprobe.
[[0;32m  OK  [0m] Created slice [0;1;39msystem-modprobe.slice[0m - Slice /system/modprobe.

[    2.957431] systemd[1]: Created slice system-serial\x2dgetty.slice - Slice /system/serial-getty.
[[0;32m  OK  [0m] Created slice [0;1;39msystem-serial\x2dgetâ¦slice[0m - Slice /system/serial-getty.

[    2.961365] systemd[1]: Created slice system-systemd\x2dfsck.slice - Slice /system/systemd-fsck.
[[0;32m  OK  [0m] Created slice [0;1;39msystem-systemd\x2dfsâ¦slice[0m - Slice /system/systemd-fsck.

[    2.965012] systemd[1]: Created slice user.slice - User and Session Slice.
[[0;32m  OK  [0m] Created slice [0;1;39muser.slice[0m - User and Session Slice.

[    2.967968] systemd[1]: Started systemd-ask-password-wall.path - Forward Password Requests to Wall Directory Watch.
[[0;32m  OK  [0m] Started [0;1;39msystemd-ask-password-wall.â¦[0md Requests to Wall Directory Watch.

[    2.971696] systemd[1]: Set up automount proc-sys-fs-binfmt_misc.automount - Arbitrary Executable File Formats File System Automount Point.
[[0;32m  OK  [0m] Set up automount [0;1;39mproc-sys-fs-binfmâ¦[0mormats File System Automount Point.

[    2.975828] systemd[1]: Expecting device dev-disk-by\x2dlabel-BOOT.device - /dev/disk/by-label/BOOT...
         Expecting device [0;1;39mdev-disk-by\x2dlaâ¦device[0m - /dev/disk/by-label/BOOT...

[    2.979124] systemd[1]: Expecting device dev-disk-by\x2dlabel-UEFI.device - /dev/disk/by-label/UEFI...
         Expecting device [0;1;39mdev-disk-by\x2dlaâ¦device[0m - /dev/disk/by-label/UEFI...

[    2.982770] systemd[1]: Expecting device dev-ttyS0.device - /dev/ttyS0...
         Expecting device [0;1;39mdev-ttyS0.device[0m - /dev/ttyS0...

[    2.985089] systemd[1]: Reached target integritysetup.target - Local Integrity Protected Volumes.
[[0;32m  OK  [0m] Reached target [0;1;39mintegritysetup.targâ¦[0m Local Integrity Protected Volumes.

[    2.988316] systemd[1]: Reached target slices.target - Slice Units.
[[0;32m  OK  [0m] Reached target [0;1;39mslices.target[0m - Slice Units.

[    2.990872] systemd[1]: Reached target snapd.mounts-pre.target - Mounting snaps.
[[0;32m  OK  [0m] Reached target [0;1;39msnapd.mounts-pre.target[0m - Mounting snaps.

[    2.996799] systemd[1]: Reached target swap.target - Swaps.
[[0;32m  OK  [0m] Reached target [0;1;39mswap.target[0m - Swaps.

[    2.999340] systemd[1]: Reached target time-set.target - System Time Set.
[[0;32m  OK  [0m] Reached target [0;1;39mtime-set.target[0m - System Time Set.

[    3.002155] systemd[1]: Reached target veritysetup.target - Local Verity Protected Volumes.
[[0;32m  OK  [0m] Reached target [0;1;39mveritysetup.target[0m - Local Verity Protected Volumes.

[    3.005513] systemd[1]: Listening on dm-event.socket - Device-mapper event daemon FIFOs.
[[0;32m  OK  [0m] Listening on [0;1;39mdm-event.socket[0m - Device-mapper event daemon FIFOs.

[    3.008829] systemd[1]: Listening on lvm2-lvmpolld.socket - LVM2 poll daemon socket.
[[0;32m  OK  [0m] Listening on [0;1;39mlvm2-lvmpolld.socket[0m - LVM2 poll daemon socket.

[    3.012002] systemd[1]: Listening on multipathd.socket - multipathd control socket.
[[0;32m  OK  [0m] Listening on [0;1;39mmultipathd.socket[0m - multipathd control socket.

[    3.015337] systemd[1]: Listening on syslog.socket - Syslog Socket.
[[0;32m  OK  [0m] Listening on [0;1;39msyslog.socket[0m - Syslog Socket.

[    3.018276] systemd[1]: Listening on systemd-fsckd.socket - fsck to fsckd communication Socket.
[[0;32m  OK  [0m] Listening on [0;1;39msystemd-fsckd.socket[0m â¦fsck to fsckd communication Socket.

[    3.021497] systemd[1]: Listening on systemd-initctl.socket - initctl Compatibility Named Pipe.
[[0;32m  OK  [0m] Listening on [0;1;39msystemd-initctl.sockeâ¦[0m- initctl Compatibility Named Pipe.

[    3.024935] systemd[1]: Listening on systemd-journald-dev-log.socket - Journal Socket (/dev/log).
[[0;32m  OK  [0m] Listening on [0;1;39msystemd-journald-dev-â¦socket[0m - Journal Socket (/dev/log).

[    3.028423] systemd[1]: Listening on systemd-journald.socket - Journal Socket.
[[0;32m  OK  [0m] Listening on [0;1;39msystemd-journald.socket[0m - Journal Socket.

[    3.031393] systemd[1]: Listening on systemd-networkd.socket - Network Service Netlink Socket.
[[0;32m  OK  [0m] Listening on [0;1;39msystemd-networkd.socket[0m - Network Service Netlink Socket.

[    3.034397] systemd[1]: systemd-pcrextend.socket - TPM2 PCR Extension (Varlink) was skipped because of an unmet condition check (ConditionSecurity=measured-uki).
[    3.037533] systemd[1]: Listening on systemd-udevd-control.socket - udev Control Socket.
[[0;32m  OK  [0m] Listening on [0;1;39msystemd-udevd-control.socket[0m - udev Control Socket.

[    3.040426] systemd[1]: Listening on systemd-udevd-kernel.socket - udev Kernel Socket.
[[0;32m  OK  [0m] Listening on [0;1;39msystemd-udevd-kernel.socket[0m - udev Kernel Socket.

[    3.061781] systemd[1]: Mounting dev-hugepages.mount - Huge Pages File System...
         Mounting [0;1;39mdev-hugepages.mount[0m - Huge Pages File System...

[    3.065846] systemd[1]: Mounting dev-mqueue.mount - POSIX Message Queue File System...
         Mounting [0;1;39mdev-mqueue.mount[0m - POSIX Message Queue File System...

[    3.070605] systemd[1]: Mounting sys-kernel-debug.mount - Kernel Debug File System...
         Mounting [0;1;39msys-kernel-debug.mount[0m - Kernel Debug File System...

[    3.074765] systemd[1]: Mounting sys-kernel-tracing.mount - Kernel Trace File System...
         Mounting [0;1;39msys-kernel-tracing.mount[0m - Kernel Trace File System...

[    3.084898] systemd[1]: Starting systemd-journald.service - Journal Service...
         Starting [0;1;39msystemd-journald.service[0m - Journal Service...

[    3.098802] systemd[1]: Starting keyboard-setup.service - Set the console keyboard layout...
         Starting [0;1;39mkeyboard-setup.service[0m - Set the console keyboard layout...

[    3.103737] systemd[1]: Starting kmod-static-nodes.service - Create List of Static Device Nodes...
         Starting [0;1;39mkmod-static-nodes.service[0mâ¦eate List of Static Device Nodes...

[    3.115934] systemd[1]: Starting lvm2-monitor.service - Monitoring of LVM2 mirrors, snapshots etc. using dmeventd or progress polling...
         Starting [0;1;39mlvm2-monitor.service[0m - Moâ¦ing dmeventd or progress polling...

[    3.121275] systemd-journald[129]: Collecting audit messages is disabled.
[    3.124857] systemd[1]: Starting modprobe@configfs.service - Load Kernel Module configfs...
         Starting [0;1;39mmodprobe@configfs.service[0m - Load Kernel Module configfs...

[    3.130579] systemd[1]: Starting modprobe@dm_mod.service - Load Kernel Module dm_mod...
         Starting [0;1;39mmodprobe@dm_mod.service[0m - Load Kernel Module dm_mod...

[    3.142882] systemd[1]: Starting modprobe@drm.service - Load Kernel Module drm...
         Starting [0;1;39mmodprobe@drm.service[0m - Load Kernel Module drm...

[    3.153857] systemd[1]: Starting modprobe@efi_pstore.service - Load Kernel Module efi_pstore...
         Starting [0;1;39mmodprobe@efi_pstore.serviâ¦[0m - Load Kernel Module efi_pstore...

[    3.163484] systemd[1]: Starting modprobe@fuse.service - Load Kernel Module fuse...
         Starting [0;1;39mmodprobe@fuse.service[0m - Load Kernel Module fuse...

[    3.177177] pstore: Using crash dump compression: deflate
[    3.185177] pstore: Registered efi_pstore as persistent store backend
[    3.187379] systemd[1]: Starting modprobe@loop.service - Load Kernel Module loop...
         Starting [0;1;39mmodprobe@loop.service[0m - Load Kernel Module loop...

[    3.191345] systemd[1]: netplan-ovs-cleanup.service - OpenVSwitch configuration for cleanup was skipped because of an unmet condition check (ConditionFileIsExecutable=/usr/bin/ovs-vsctl).
[    3.196830] systemd[1]: Starting systemd-fsck-root.service - File System Check on Root Device...
         Starting [0;1;39msystemd-fsck-root.service[0mâ¦File System Check on Root Device...

[    3.211348] systemd[1]: Starting systemd-modules-load.service - Load Kernel Modules...
         Starting [0;1;39msystemd-modules-load.service[0m - Load Kernel Modules...

[    3.215603] systemd[1]: systemd-pcrmachine.service - TPM2 PCR Machine ID Measurement was skipped because of an unmet condition check (ConditionSecurity=measured-uki).
[    3.219370] systemd[1]: systemd-tpm2-setup-early.service - TPM2 SRK Setup (Early) was skipped because of an unmet condition check (ConditionSecurity=measured-uki).
[    3.231839] systemd[1]: Starting systemd-udev-trigger.service - Coldplug All udev Devices...
         Starting [0;1;39msystemd-udev-trigger.service[0m - Coldplug All udev Devices...

[    3.242811] systemd[1]: Started systemd-journald.service - Journal Service.
[[0;32m  OK  [0m] Started [0;1;39msystemd-journald.service[0m - Journal Service.

[[0;32m  OK  [0m] Mounted [0;1;39mdev-hugepages.mount[0m - Huge Pages File System.

[[0;32m  OK  [0m] Mounted [0;1;39mdev-mqueue.mount[0m - POSIX Message Queue File System.

[[0;32m  OK  [0m] Mounted [0;1;39msys-kernel-debug.mount[0m - Kernel Debug File System.

[[0;32m  OK  [0m] Mounted [0;1;39msys-kernel-tracing.mount[0m - Kernel Trace File System.

[[0;32m  OK  [0m] Finished [0;1;39mkmod-static-nodes.service[0mâ¦Create List of Static Device Nodes.

[[0;32m  OK  [0m] Finished [0;1;39mmodprobe@configfs.service[0m - Load Kernel Module configfs.

[[0;32m  OK  [0m] Finished [0;1;39mmodprobe@dm_mod.service[0m - Load Kernel Module dm_mod.

[[0;32m  OK  [0m] Finished [0;1;39mmodprobe@drm.service[0m - Load Kernel Module drm.

[[0;32m  OK  [0m] Finished [0;1;39mmodprobe@efi_pstore.service[0m - Load Kernel Module efi_pstore.

[[0;32m  OK  [0m] Finished [0;1;39mmodprobe@fuse.service[0m - Load Kernel Module fuse.

[[0;32m  OK  [0m] Finished [0;1;39mmodprobe@loop.service[0m - Load Kernel Module loop.

         Mounting [0;1;39msys-fs-fuse-connections.mount[0m - FUSE Control File System...

         Mounting [0;1;39msys-kernel-config.mount[0m - Kernel Configuration File System...

[[0;32m  OK  [0m] Started [0;1;39msystemd-fsckd.service[0m - Fiâ¦stem Check Daemon to report status.

         Starting [0;1;39msystemd-tmpfiles-setup-deâ¦[0m Device Nodes in /dev gracefully...

[[0;32m  OK  [0m] Finished [0;1;39mkeyboard-setup.service[0m - Set the console keyboard layout.

[[0;32m  OK  [0m] Finished [0;1;39msystemd-fsck-root.service[0m - File System Check on Root Device.

[[0;32m  OK  [0m] Mounted [0;1;39msys-fs-fuse-connections.mount[0m - FUSE Control File System.

[[0;32m  OK  [0m] Finished [0;1;39mlvm2-monitor.service[0m - Moâ¦using dmeventd or progress polling.

[[0;32m  OK  [0m] Mounted [0;1;39msys-kernel-config.mount[0m - Kernel Configuration File System.

         Starting [0;1;39msystemd-remount-fs.servicâ¦[0munt Root and Kernel File Systems...

[[0;32m  OK  [0m] Finished [0;1;39msystemd-modules-load.service[0m - Load Kernel Modules.

         Starting [0;1;39msystemd-sysctl.service[0m - Apply Kernel Variables...

[[0;32m  OK  [0m] Finished [0;1;39msystemd-tmpfiles-setup-deâ¦[0mic Device Nodes in /dev gracefully.

[[0;32m  OK  [0m] Finished [0;1;39msystemd-udev-trigger.service[0m - Coldplug All udev Devices.

[[0;32m  OK  [0m] Finished [0;1;39msystemd-sysctl.service[0m - Apply Kernel Variables.

[[0;32m  OK  [0m] Finished [0;1;39msystemd-remount-fs.servicâ¦[0mmount Root and Kernel File Systems.

         Starting [0;1;39mmultipathd.service[0m - Deviâ¦pper Multipath Device Controller...

         Starting [0;1;39msystemd-journal-flush.serâ¦[0msh Journal to Persistent Storage...

         Starting [0;1;39msystemd-random-seed.service[0m - Load/Save OS Random Seed...

         Starting [0;1;39msystemd-sysusers.service[0m - Create System Users...

[[0;32m  OK  [0m] Finished [0;1;39msystemd-random-seed.service[0m - Load/Save OS Random Seed.

[[0;32m  OK  [0m] Finished [0;1;39msystemd-sysusers.service[0m - Create System Users.

         Starting [0;1;39msystemd-tmpfiles-setup-deâ¦[0meate Static Device Nodes in /dev...

[[0;32m  OK  [0m] Finished [0;1;39msystemd-tmpfiles-setup-deâ¦[0mCreate Static Device Nodes in /dev.

         Starting [0;1;39msystemd-udevd.service[0m - Râ¦ager for Device Events and Files...

[[0;32m  OK  [0m] Finished [0;1;39msystemd-journal-flush.serâ¦[0mlush Journal to Persistent Storage.

[[0;32m  OK  [0m] Started [0;1;39mmultipathd.service[0m - Devicâ¦Mapper Multipath Device Controller.

[[0;32m  OK  [0m] Reached target [0;1;39mlocal-fs-pre.target[0mâ¦Preparation for Local File Systems.

         Mounting [0;1;39msnap-amazon\x2dssm\x2dageâ¦[0mamazon-ssm-agent, revision 11797...

         Mounting [0;1;39msnap-core22-2045.mount[0m - â¦t unit for core22, revision 2045...

         Mounting [0;1;39msnap-snapd-24792.mount[0m - â¦t unit for snapd, revision 24792...

[[0;32m  OK  [0m] Mounted [0;1;39msnap-amazon\x2dssm\x2dagenâ¦[0mr amazon-ssm-agent, revision 11797.

[[0;32m  OK  [0m] Mounted [0;1;39msnap-snapd-24792.mount[0m - Mount unit for snapd, revision 24792.

[[0;32m  OK  [0m] Mounted [0;1;39msnap-core22-2045.mount[0m - Mount unit for core22, revision 2045.

[[0;32m  OK  [0m] Reached target [0;1;39msnapd.mounts.target[0m - Mounted snaps.

[[0;32m  OK  [0m] Started [0;1;39msystemd-udevd.service[0m - Ruâ¦anager for Device Events and Files.

[[0;32m  OK  [0m] Started [0;1;39msystemd-ask-password-consoâ¦[0mequests to Console Directory Watch.

[[0;32m  OK  [0m] Reached target [0;1;39mcryptsetup.target[0m - Local Encrypted Volumes.

[[0;32m  OK  [0m] Found device [0;1;39mdev-ttyS0.device[0m - /dev/ttyS0.

[[0;32m  OK  [0m] Found device [0;1;39mdev-disk-by\x2dlabel-â¦[0m - Amazon Elastic Block Store UEFI.

[[0;32m  OK  [0m] Found device [0;1;39mdev-disk-by\x2dlabel-â¦[0m - Amazon Elastic Block Store BOOT.

         Starting [0;1;39msystemd-fsck@dev-disk-by\â¦[0mCheck on /dev/disk/by-label/BOOT...

         Starting [0;1;39msystemd-fsck@dev-disk-by\â¦[0mCheck on /dev/disk/by-label/UEFI...

[[0;32m  OK  [0m] Listening on [0;1;39msystemd-rfkill.socket[0mâ¦ll Switch Status /dev/rfkill Watch.


Checking in progress on 1 disk (0.0% complete)
[[0;32m  OK  [0m] Finished [0;1;39msystemd-fsck@dev-disk-by\â¦[0mm Check on /dev/disk/by-label/BOOT.


Checking in progress on 0 disks (100.0% complete)
[[0;32m  OK  [0m] Finished [0;1;39msystemd-fsck@dev-disk-by\â¦[0mm Check on /dev/disk/by-label/UEFI.

         Mounting [0;1;39mboot.mount[0m - /boot...

[[0;32m  OK  [0m] Mounted [0;1;39mboot.mount[0m - /boot.

         Mounting [0;1;39mboot-efi.mount[0m - /boot/efi...

[[0;32m  OK  [0m] Mounted [0;1;39mboot-efi.mount[0m - /boot/efi.

[[0;32m  OK  [0m] Reached target [0;1;39mlocal-fs.target[0m - Local File Systems.

[[0;32m  OK  [0m] Listening on [0;1;39msystemd-sysext.socket[0mâ¦tension Image Management (Varlink).

         Starting [0;1;39mapparmor.service[0m - Load AppArmor profiles...

         Starting [0;1;39mconsole-setup.service[0m - Set console font and keymap...

         Starting [0;1;39mfinalrd.service[0m - Create â¦time dir for shutdown pivot root...

         Starting [0;1;39mldconfig.service[0m - Rebuild Dynamic Linker Cache...

         Starting [0;1;39mplymouth-read-write.serviâ¦[0mymouth To Write Out Runtime Data...

         Starting [0;1;39msystemd-binfmt.service[0m - Set Up Additional Binary Formats...

         Starting [0;1;39msystemd-tmpfiles-setup.seâ¦[0me Volatile Files and Directories...

         Starting [0;1;39mufw.service[0m - Uncomplicated firewall...

[[0;32m  OK  [0m] Finished [0;1;39mconsole-setup.service[0m - Set console font and keymap.

[[0;32m  OK  [0m] Finished [0;1;39mfinalrd.service[0m - Create â¦untime dir for shutdown pivot root.

         Mounting [0;1;39mproc-sys-fs-binfmt_misc.mâ¦[0mcutable File Formats File System...

[[0;32m  OK  [0m] Finished [0;1;39mplymouth-read-write.serviâ¦[0mPlymouth To Write Out Runtime Data.

[[0;32m  OK  [0m] Finished [0;1;39mufw.service[0m - Uncomplicated firewall.

[[0;32m  OK  [0m] Mounted [0;1;39mproc-sys-fs-binfmt_misc.moâ¦[0mxecutable File Formats File System.

[[0;32m  OK  [0m] Finished [0;1;39msystemd-binfmt.service[0m - Set Up Additional Binary Formats.

[[0;32m  OK  [0m] Finished [0;1;39msystemd-tmpfiles-setup.seâ¦[0mate Volatile Files and Directories.

         Starting [0;1;39msystemd-journal-catalog-uâ¦ervice[0m - Rebuild Journal Catalog...

         Starting [0;1;39msystemd-machine-id-commitâ¦[0mt a transient machine-id on disk...

         Starting [0;1;39msystemd-resolved.service[0m - Network Name Resolution...

         Starting [0;1;39msystemd-update-utmp.serviâ¦[0mord System Boot/Shutdown in UTMP...

[[0;32m  OK  [0m] Finished [0;1;39mldconfig.service[0m - Rebuild Dynamic Linker Cache.

[[0;32m  OK  [0m] Finished [0;1;39msystemd-update-utmp.serviâ¦[0mecord System Boot/Shutdown in UTMP.

[[0;32m  OK  [0m] Finished [0;1;39msystemd-journal-catalog-uâ¦.service[0m - Rebuild Journal Catalog.

         Starting [0;1;39msystemd-update-done.service[0m - Update is Completed...

[[0;32m  OK  [0m] Finished [0;1;39msystemd-update-done.service[0m - Update is Completed.

[[0;32m  OK  [0m] Finished [0;1;39msystemd-machine-id-commitâ¦[0mmit a transient machine-id on disk.

[[0;32m  OK  [0m] Started [0;1;39msystemd-resolved.service[0m - Network Name Resolution.

[[0;32m  OK  [0m] Reached target [0;1;39mnss-lookup.target[0m - Host and Network Name Lookups.

[[0;32m  OK  [0m] Finished [0;1;39mapparmor.service[0m - Load AppArmor profiles.

         Starting [0;1;39msnapd.apparmor.service[0m - â¦iles managed internally by snapd...

         Starting [0;1;39mcloud-init-local.service[0m â¦-init: Local Stage (pre-network)...

[[0;32m  OK  [0m] Finished [0;1;39msnapd.apparmor.service[0m - â¦ofiles managed internally by snapd.

[    7.277136] cloud-init[460]: Cloud-init v. 25.1.4-0ubuntu0~24.04.1 running 'init-local' at Tue, 28 Oct 2025 10:01:27 +0000. Up 7.25 seconds.
[[0;32m  OK  [0m] Finished [0;1;39mcloud-init-local.service[0m â¦ud-init: Local Stage (pre-network).

[[0;32m  OK  [0m] Reached target [0;1;39mnetwork-pre.target[0m - Preparation for Network.

         Starting [0;1;39msystemd-networkd.service[0m - Network Configuration...

[[0;32m  OK  [0m] Started [0;1;39msystemd-networkd.service[0m - Network Configuration.

[[0;32m  OK  [0m] Reached target [0;1;39mnetwork.target[0m - Network.

         Starting [0;1;39msystemd-networkd-wait-onlâ¦[0mait for Network to be Configured...

[[0;32m  OK  [0m] Finished [0;1;39msystemd-networkd-wait-onlâ¦[0m Wait for Network to be Configured.

         Starting [0;1;39mcloud-init.service[0m - Cloud-init: Network Stage...

[   10.989397] cloud-init[546]: Cloud-init v. 25.1.4-0ubuntu0~24.04.1 running 'init' at Tue, 28 Oct 2025 10:01:31 +0000. Up 10.97 seconds.
[   11.000162] cloud-init[546]: ci-info: ++++++++++++++++++++++++++++++++++++++Net device info++++++++++++++++++++++++++++++++++++++
[   11.002210] cloud-init[546]: ci-info: +--------+------+----------------------------+---------------+--------+-------------------+
[   11.004207] cloud-init[546]: ci-info: | Device |  Up  |          Address           |      Mask     | Scope  |     Hw-Address    |
[   11.006202] cloud-init[546]: ci-info: +--------+------+----------------------------+---------------+--------+-------------------+
[   11.008172] cloud-init[546]: ci-info: |  ens5  | True |         10.0.20.51         | 255.255.255.0 | global | 0e:fb:07:17:90:ff |
[   11.010089] cloud-init[546]: ci-info: |  ens5  | True | fe80::cfb:7ff:fe17:90ff/64 |       .       |  link  | 0e:fb:07:17:90:ff |
[   11.012030] cloud-init[546]: ci-info: |   lo   | True |         127.0.0.1          |   255.0.0.0   |  host  |         .         |
[   11.013947] cloud-init[546]: ci-info: |   lo   | True |          ::1/128           |       .       |  host  |         .         |
[   11.015860] cloud-init[546]: ci-info: +--------+------+----------------------------+---------------+--------+-------------------+
[   11.017741] cloud-init[546]: ci-info: +++++++++++++++++++++++++++++Route IPv4 info+++++++++++++++++++++++++++++
[   11.019465] cloud-init[546]: ci-info: +-------+-------------+-----------+-----------------+-----------+-------+
[   11.021343] cloud-init[546]: ci-info: | Route | Destination |  Gateway  |     Genmask     | Interface | Flags |
[   11.023082] cloud-init[546]: ci-info: +-------+-------------+-----------+-----------------+-----------+-------+
[   11.024908] cloud-init[546]: ci-info: |   0   |   0.0.0.0   | 10.0.20.1 |     0.0.0.0     |    ens5   |   UG  |
[   11.026622] cloud-init[546]: ci-info: |   1   |   10.0.0.2  | 10.0.20.1 | 255.255.255.255 |    ens5   |  UGH  |
[   11.028371] cloud-init[546]: ci-info: |   2   |  10.0.20.0  |  0.0.0.0  |  255.255.255.0  |    ens5   |   U   |
[   11.030068] cloud-init[546]: ci-info: |   3   |  10.0.20.1  |  0.0.0.0  | 255.255.255.255 |    ens5   |   UH  |
[   11.031784] cloud-init[546]: ci-info: +-------+-------------+-----------+-----------------+-----------+-------+
[   11.033491] cloud-init[546]: ci-info: +++++++++++++++++++Route IPv6 info+++++++++++++++++++
[   11.034901] cloud-init[546]: ci-info: +-------+-------------+---------+-----------+-------+
[   11.036458] cloud-init[546]: ci-info: | Route | Destination | Gateway | Interface | Flags |
[   11.037836] cloud-init[546]: ci-info: +-------+-------------+---------+-----------+-------+
[   11.039215] cloud-init[546]: ci-info: |   0   |  fe80::/64  |    ::   |    ens5   |   U   |
[   11.040649] cloud-init[546]: ci-info: |   2   |    local    |    ::   |    ens5   |   U   |
[   11.042201] cloud-init[546]: ci-info: |   3   |  multicast  |    ::   |    ens5   |   U   |
[   11.043649] cloud-init[546]: ci-info: +-------+-------------+---------+-----------+-------+
[   11.950043] cloud-init[546]: Generating public/private rsa key pair.
[   11.951523] cloud-init[546]: Your identification has been saved in /etc/ssh/ssh_host_rsa_key
[   11.953316] cloud-init[546]: Your public key has been saved in /etc/ssh/ssh_host_rsa_key.pub
[   11.955035] cloud-init[546]: The key fingerprint is:
[   11.956137] cloud-init[546]: SHA256:z3vqCoPbkwxSPT49wLAWSLtmqTabs2rR4asE/tWcTFo root@ip-10-0-20-51
[   11.957657] cloud-init[546]: The key's randomart image is:
[   11.958685] cloud-init[546]: +---[RSA 3072]----+
[   11.959679] cloud-init[546]: | ...             |
[   11.960561] cloud-init[546]: |  ..o            |
[   11.961440] cloud-init[546]: |  .  *           |
[   11.962298] cloud-init[546]: |   ++ =          |
[   11.963183] cloud-init[546]: |. Bo.. ES        |
[   11.964136] cloud-init[546]: |o=.o..X +o       |
[   11.964991] cloud-init[546]: |.=..o=oB .o      |
[   11.965883] cloud-init[546]: |oo=..o+o   ..    |
[   11.966751] cloud-init[546]: |+=+.. ...o+o     |
[   11.967633] cloud-init[546]: +----[SHA256]-----+
[   11.968513] cloud-init[546]: Generating public/private ecdsa key pair.
[   11.969647] cloud-init[546]: Your identification has been saved in /etc/ssh/ssh_host_ecdsa_key
[   11.971108] cloud-init[546]: Your public key has been saved in /etc/ssh/ssh_host_ecdsa_key.pub
[   11.972577] cloud-init[546]: The key fingerprint is:
[   11.973511] cloud-init[546]: SHA256:FDpXiO5BJ86qLWn/czinxToijAOU449slB5YVhswPKQ root@ip-10-0-20-51
[   11.975101] cloud-init[546]: The key's randomart image is:
[   11.976210] cloud-init[546]: +---[ECDSA 256]---+
[   11.977116] cloud-init[546]: | o+.   ....      |
[   11.978051] cloud-init[546]: | .o.o +.oo       |
[   11.978990] cloud-init[546]: |E .o Booo        |
[   11.979849] cloud-init[546]: | +o . =+         |
[   11.980716] cloud-init[546]: |+oo  o .S        |
[   11.981608] cloud-init[546]: |o=  . ..         |
[   11.982512] cloud-init[546]: |=o++   .o        |
[   11.984605] cloud-init[546]: |o=B.o =oo        |
[   11.985480] cloud-init[546]: |.o +.o+B         |
[   11.986346] cloud-init[546]: +----[SHA256]-----+
[   11.987223] cloud-init[546]: Generating public/private ed25519 key pair.
[   11.988492] cloud-init[546]: Your identification has been saved in /etc/ssh/ssh_host_ed25519_key
[   11.990276] cloud-init[546]: Your public key has been saved in /etc/ssh/ssh_host_ed25519_key.pub
[   11.991992] cloud-init[546]: The key fingerprint is:
[   11.992922] cloud-init[546]: SHA256:On4zVDaGt/Uj0rk8uLRctRxm6sG13D0Y6ETqZb1Gtco root@ip-10-0-20-51
[   11.994472] cloud-init[546]: The key's randomart image is:
[   11.995597] cloud-init[546]: +--[ED25519 256]--+
[   11.996715] cloud-init[546]: |                 |
[   11.997615] cloud-init[546]: |                 |
[   11.998510] cloud-init[546]: |         . .   . |
[   11.999389] cloud-init[546]: |        . O + . .|
[   12.000365] cloud-init[546]: |        S* X **. |
[   12.001458] cloud-init[546]: |       .o B.*OB=.|
[   12.002362] cloud-init[546]: |      o. ..==E=oo|
[   12.003260] cloud-init[546]: |     . .+o.+=.  .|
[   12.004249] cloud-init[546]: |      .. o+...   |
[   12.005161] cloud-init[546]: +----[SHA256]-----+
[[0;32m  OK  [0m] Finished [0;1;39mcloud-init.service[0m - Cloud-init: Network Stage.

[[0;32m  OK  [0m] Reached target [0;1;39mcloud-config.target[0m - Cloud-config availability.

[[0;32m  OK  [0m] Reached target [0;1;39mnetwork-online.target[0m - Network is Online.

[[0;32m  OK  [0m] Reached target [0;1;39msysinit.target[0m - System Initialization.

[[0;32m  OK  [0m] Started [0;1;39macpid.path[0m - ACPI Events Check.

[[0;32m  OK  [0m] Started [0;1;39msystemd-tmpfiles-clean.timâ¦[0my Cleanup of Temporary Directories.

[[0;32m  OK  [0m] Started [0;1;39mupdate-notifier-download.tâ¦[0mhat failed at package install time.

[[0;32m  OK  [0m] Reached target [0;1;39mpaths.target[0m - Path Units.

[[0;32m  OK  [0m] Listening on [0;1;39macpid.socket[0m - ACPID Listen Socket.

[[0;32m  OK  [0m] Listening on [0;1;39mcloud-init-hotplugd.sâ¦t[0m - cloud-init hotplug hook socket.

[[0;32m  OK  [0m] Listening on [0;1;39mdbus.socket[0m - D-Bus System Message Bus Socket.

[[0;32m  OK  [0m] Listening on [0;1;39miscsid.socket[0m - Open-iSCSI iscsid Socket.

         Starting [0;1;39mlxd-installer.socket[0m - Heâ¦er to install lxd snap on demand...

         Starting [0;1;39msnapd.socket[0m - Socket activation for snappy daemon...

[[0;32m  OK  [0m] Listening on [0;1;39mssh.socket[0m - OpenBSD Secure Shell server socket.

[[0;32m  OK  [0m] Listening on [0;1;39muuidd.socket[0m - UUID daemon activation socket.

[[0;32m  OK  [0m] Reached target [0;1;39mremote-fs-pre.targeâ¦[0mreparation for Remote File Systems.

[[0;32m  OK  [0m] Reached target [0;1;39mremote-fs.target[0m - Remote File Systems.

[[0;32m  OK  [0m] Finished [0;1;39mblk-availability.service[0m - Availability of block devices.

[[0;32m  OK  [0m] Listening on [0;1;39mlxd-installer.socket[0m â¦lper to install lxd snap on demand.

[[0;32m  OK  [0m] Listening on [0;1;39msnapd.socket[0m - Socket activation for snappy daemon.

[[0;32m  OK  [0m] Reached target [0;1;39msockets.target[0m - Socket Units.

[[0;32m  OK  [0m] Reached target [0;1;39mbasic.target[0m - Basic System.

[[0;32m  OK  [0m] Started [0;1;39macpid.service[0m - ACPI event daemon.

         Starting [0;1;39mapport.service[0m - automatic crash report generation...

         Starting [0;1;39mchrony.service[0m - chrony, an NTP client/server...

         Starting [0;1;39mcloud-config.service[0m - Cloud-init: Config Stage...

[[0;32m  OK  [0m] Started [0;1;39mcron.service[0m - Regular background program processing daemon.

         Starting [0;1;39mdbus.service[0m - D-Bus System Message Bus...

[[0;32m  OK  [0m] Started [0;1;39mdmesg.service[0m - Save initial kernel messages after boot.

         Starting [0;1;39me2scrub_reap.service[0m - Reâ¦ne ext4 Metadata Check Snapshots...

         Starting [0;1;39mec2-instance-connect-harvâ¦[0mance Connect Host Key Harvesting...

         Starting [0;1;39mgrub-common.service[0m - Record successful boot for GRUB...

[[0;32m  OK  [0m] Started [0;1;39mirqbalance.service[0m - irqbalance daemon.

         Starting [0;1;39mnetworkd-dispatcher.serviâ¦[0mcher daemon for systemd-networkd...

         Starting [0;1;39mpolkit.service[0m - Authorization Manager...

         Starting [0;1;39mpollinate.service[0m - Polliâ¦e pseudo random number generator...

         Starting [0;1;39mrsyslog.service[0m - System Logging Service...

[[0;32m  OK  [0m] Reached target [0;1;39mgetty-pre.target[0m - Preparation for Logins.

         Starting [0;1;39msnapd.seeded.service[0m - Wait until snapd is fully seeded...

         Starting [0;1;39msnapd.service[0m - Snap Daemon...

         Starting [0;1;39msysstat.service[0m - Resets System Activity Logs...

         Starting [0;1;39msystemd-logind.service[0m - User Login Management...

         Starting [0;1;39msystemd-user-sessions.service[0m - Permit User Sessions...

         Starting [0;1;39mudisks2.service[0m - Disk Manager...

[[0;32m  OK  [0m] Started [0;1;39mdbus.service[0m - D-Bus System Message Bus.

[[0;32m  OK  [0m] Finished [0;1;39me2scrub_reap.service[0m - Reâ¦line ext4 Metadata Check Snapshots.

[[0;32m  OK  [0m] Finished [0;1;39msysstat.service[0m - Resets System Activity Logs.

[[0;32m  OK  [0m] Finished [0;1;39msystemd-user-sessions.service[0m - Permit User Sessions.

         Starting [0;1;39mplymouth-quit-wait.servicâ¦[0md until boot process finishes up...

         Starting [0;1;39mplymouth-quit.service[0m - Terminate Plymouth Boot Screen...

[[0;32m  OK  [0m] Finished [0;1;39mplymouth-quit-wait.servicâ¦[0mold until boot process finishes up.

[[0;32m  OK  [0m] Started [0;1;39mserial-getty@ttyS0.service[0m - Serial Getty on ttyS0.

         Starting [0;1;39msetvtrgb.service[0m - Set console scheme...

         Starting [0;1;39msystemd-hostnamed.service[0m - Hostname Service...

[[0;32m  OK  [0m] Finished [0;1;39mplymouth-quit.service[0m - Terminate Plymouth Boot Screen.

[[0;32m  OK  [0m] Finished [0;1;39msetvtrgb.service[0m - Set console scheme.

[[0;32m  OK  [0m] Created slice [0;1;39msystem-getty.slice[0m - Slice /system/getty.

[[0;32m  OK  [0m] Started [0;1;39mgetty@tty1.service[0m - Getty on tty1.

[[0;32m  OK  [0m] Reached target [0;1;39mgetty.target[0m - Login Prompts.

[[0;32m  OK  [0m] Finished [0;1;39mgrub-common.service[0m - Record successful boot for GRUB.

[[0;32m  OK  [0m] Started [0;1;39msystemd-logind.service[0m - User Login Management.

         Starting [0;1;39mgrub-initrd-fallback.service[0m - GRUB failed boot detection...

[[0;32m  OK  [0m] Started [0;1;39munattended-upgrades.service[0m - Unattended Upgrades Shutdown.

[[0;32m  OK  [0m] Started [0;1;39msystemd-hostnamed.service[0m - Hostname Service.

[[0;32m  OK  [0m] Finished [0;1;39mgrub-initrd-fallback.service[0m - GRUB failed boot detection.

[[0;32m  OK  [0m] Started [0;1;39mchrony.service[0m - chrony, an NTP client/server.

[[0;32m  OK  [0m] Reached target [0;1;39mtime-sync.target[0m - System Time Synchronized.

[[0;32m  OK  [0m] Started [0;1;39mapt-daily.timer[0m - Daily apt download activities.

[[0;32m  OK  [0m] Started [0;1;39mapt-daily-upgrade.timer[0m - â¦y apt upgrade and clean activities.

[[0;32m  OK  [0m] Started [0;1;39mdpkg-db-backup.timer[0m - Daily dpkg database backup timer.

[[0;32m  OK  [0m] Started [0;1;39me2scrub_all.timer[0m - Periodâ¦Metadata Check for All Filesystems.

[[0;32m  OK  [0m] Started [0;1;39mfstrim.timer[0m - Discard unused filesystem blocks once a week.

[[0;32m  OK  [0m] Started [0;1;39mfwupd-refresh.timer[0m - Refresh fwupd metadata regularly.

[[0;32m  OK  [0m] Started [0;1;39mlogrotate.timer[0m - Daily rotation of log files.

[[0;32m  OK  [0m] Started [0;1;39mman-db.timer[0m - Daily man-db regeneration.

[[0;32m  OK  [0m] Started [0;1;39mmotd-news.timer[0m - Message of the Day.

[[0;32m  OK  [0m] Started [0;1;39msysstat-collect.timer[0m - Ruâ¦y accounting tool every 10 minutes.

[[0;32m  OK  [0m] Started [0;1;39msysstat-summary.timer[0m - Geâ¦ of yesterday's process accounting.

[[0;32m  OK  [0m] Started [0;1;39mupdate-notifier-motd.timer[0mâ¦ a new version of Ubuntu available.

[[0;32m  OK  [0m] Reached target [0;1;39mtimers.target[0m - Timer Units.

[[0;32m  OK  [0m] Started [0;1;39mpolkit.service[0m - Authorization Manager.

         Starting [0;1;39mModemManager.service[0m - Modem Manager...

[[0;32m  OK  [0m] Started [0;1;39mrsyslog.service[0m - System Logging Service.

[[0;32m  OK  [0m] Started [0;1;39mnetworkd-dispatcher.servicâ¦[0matcher daemon for systemd-networkd.

[   13.456583] cloud-init[826]: Cloud-init v. 25.1.4-0ubuntu0~24.04.1 running 'modules:config' at Tue, 28 Oct 2025 10:01:33 +0000. Up 13.31 seconds.
[[0;32m  OK  [0m] Started [0;1;39mudisks2.service[0m - Disk Manager.

[[0;32m  OK  [0m] Finished [0;1;39mapport.service[0m - automatic crash report generation.

[[0;32m  OK  [0m] Started [0;1;39mModemManager.service[0m - Modem Manager.

[[0;32m  OK  [0m] Finished [0;1;39mcloud-config.service[0m - Cloud-init: Config Stage.

         Starting [0;1;39mhibinit-agent.service[0m - Eâ¦instance hibernation setup agent...

[[0;32m  OK  [0m] Started [0;1;39mhibinit-agent.service[0m - EC2 instance hibernation setup agent.

[[0;32m  OK  [0m] Started [0;1;39msnapd.service[0m - Snap Daemon.

[[0;32m  OK  [0m] Started [0;1;39msnap.amazon-ssm-agent.amazâ¦[0m amazon-ssm-agent.amazon-ssm-agent.

         Starting [0;1;39msystemd-timedated.service[0m - Time & Date Service...

[[0;32m  OK  [0m] Started [0;1;39msystemd-timedated.service[0m - Time & Date Service.



Ubuntu 24.04.3 LTS ip-10-0-20-51 ttyS0

ip-10-0-20-51 login: 
                                                   
[   57.355287] cloud-init[1204]: Cloud-init v. 25.1.4-0ubuntu0~24.04.1 running 'modules:final' at Tue, 28 Oct 2025 10:02:18 +0000. Up 57.32 seconds.
[   89.572873] cloud-init[1204]: Ign:1 http://security.ubuntu.com/ubuntu noble-security InRelease
[   90.072302] cloud-init[1204]: Ign:2 http://us-east-1.ec2.archive.ubuntu.com/ubuntu noble InRelease
[   90.073863] cloud-init[1204]: Ign:3 http://us-east-1.ec2.archive.ubuntu.com/ubuntu noble-updates InRelease
[   90.075725] cloud-init[1204]: Ign:4 http://us-east-1.ec2.archive.ubuntu.com/ubuntu noble-backports InRelease
[   90.573880] cloud-init[1204]: Ign:1 http://security.ubuntu.com/ubuntu noble-security InRelease
[   91.073180] cloud-init[1204]: Ign:2 http://us-east-1.ec2.archive.ubuntu.com/ubuntu noble InRelease
[   91.074914] cloud-init[1204]: Ign:3 http://us-east-1.ec2.archive.ubuntu.com/ubuntu noble-updates InRelease
[   91.076718] cloud-init[1204]: Ign:4 http://us-east-1.ec2.archive.ubuntu.com/ubuntu noble-backports InRelease
[   92.575732] cloud-init[1204]: Ign:1 http://security.ubuntu.com/ubuntu noble-security InRelease
[   93.074378] cloud-init[1204]: Ign:2 http://us-east-1.ec2.archive.ubuntu.com/ubuntu noble InRelease
[   93.076888] cloud-init[1204]: Ign:3 http://us-east-1.ec2.archive.ubuntu.com/ubuntu noble-updates InRelease
[   93.079259] cloud-init[1204]: Ign:4 http://us-east-1.ec2.archive.ubuntu.com/ubuntu noble-backports InRelease
[   96.576728] cloud-init[1204]: Err:1 http://security.ubuntu.com/ubuntu noble-security InRelease
[   96.576919] cloud-init[1204]:   Cannot initiate the connection to security.ubuntu.com:80 (2620:2d:4000:1::19). - connect (101: Network is unreachable) Cannot initiate the connection to security.ubuntu.com:80 (2620:2d:4000:1::101). - connect (101: Network is unreachable) Cannot initiate the connection to security.ubuntu.com:80 (2620:2d:4000:1::103). - connect (101: Network is unreachable) Cannot initiate the connection to security.ubuntu.com:80 (2620:2d:4000:1::16). - connect (101: Network is unreachable) Cannot initiate the connection to security.ubuntu.com:80 (2620:2d:4000:1::102). - connect (101: Network is unreachable) Cannot initiate the connection to security.ubuntu.com:80 (2620:2d:4002:1::103). - connect (101: Network is unreachable) Cannot initiate the connection to security.ubuntu.com:80 (2620:2d:4002:1::101). - connect (101: Network is unreachable) Cannot initiate the connection to security.ubuntu.com:80 (2620:2d:4002:1::102). - connect (101: Network is unreachable) Co[2025-10-28T10:02:58.070641]uld not connect to security.ubuntu.com:80 (91.189.91.82), connection timed out Could not connect to security.ubuntu.com:80 (91.189.91.81), connection timed out Could not connect to security.ubuntu.com:80 (185.125.190.82), connection timed out Could not connect to security.ubuntu.com:80 (91.189.91.83), connection timed out Could not connect to security.ubuntu.com:80 (185.125.190.39), connection timed out Could not connect to security.ubuntu.com:80 (185.125.190.81), connection timed out Could not connect to security.ubuntu.com:80 (185.125.190.36), connection timed out Could not connect to security.ubuntu.com:80 (185.125.190.83), connection timed out
[   97.075979] cloud-init[1204]: Err:2 http://us-east-1.ec2.archive.ubuntu.com/ubuntu noble InRelease
[   97.076202] cloud-init[1204]:   Cannot initiate the connection to us-east-1.ec2.archive.ubuntu.com:80 (2600:1f18:5c55:4c01:ed0c:fdfa:1470:afc0). - connect (101: Network is unreachable) Cannot initiate the connection to us-east-1.ec2.archive.ubuntu.com:80 (2600:1f18:5c55:4c02:b55:260f:8030:b812). - connect (101: Network is unreachable) Cannot initiate the connection to us-east-1.ec2.archive.ubuntu.com:80 (2600:1f18:5c55:4c01:32a9:41b2:cfa3:904a). - connect (101: Network is unreachable) Cannot initiate the connection to us-east-1.ec2.archive.ubuntu.com:80 (2600:1f18:5c55:4c00:e093:e2e5:23b4:529f). - connect (101: Network is unreachable) Cannot initiate the connection to us-east-1.ec2.archive.ubuntu.com:80 (2600:1f18:5c55:4c00:7447:9a97:fa56:cd92). - connect (101: Network is unreachable) Cannot initiate the connection to us-east-1.ec2.archive.ubuntu.com:80 (2600:1f18:5c55:4c04:b8fe:122c:bb55:6b84). - connect (101: Network is unreachable) Cannot initiate the connection to us-east-1[2025-10-28T10:02:58.570629].ec2.archive.ubuntu.com:80 (2600:1f18:5c55:4c00:2637:a32b:ccef:30d5). - connect (101: Network is unreachable) Cannot initiate the connection to us-east-1.ec2.archive.ubuntu.com:80 (2600:1f18:5c55:4c05:17c8:ad29:43bf:eb48). - connect (101: Network is unreachable) Cannot initiate the connection to us-east-1.ec2.archive.ubuntu.com:80 (2600:1f18:5c55:4c03:edb9:571f:f204:4ac8). - connect (101: Network is unreachable) Cannot initiate the connection to us-east-1.ec2.archive.ubuntu.com:80 (2600:1f18:5c55:4c02:7669:c120:50a2:9af4). - connect (101: Network is unreachable) Could not connect to us-east-1.ec2.archive.ubuntu.com:80 (54.87.19.168), connection timed out Could not connect to us-east-1.ec2.archive.ubuntu.com:80 (54.144.148.213), connection timed out Could not connect to us-east-1.ec2.archive.ubuntu.com:80 (52.207.133.243), connection timed out Could not connect to us-east-1.ec2.archive.ubuntu.com:80 (34.237.137.22), connection timed out Could not connect to us-east-1.ec2.archive.ub[2025-10-28T10:02:58.570675]untu.com:80 (52.91.65.63), connection timed out Could not connect to us-east-1.ec2.archive.ubuntu.com:80 (18.232.150.247), connection timed out Could not connect to us-east-1.ec2.archive.ubuntu.com:80 (3.209.10.109), connection timed out Could not connect to us-east-1.ec2.archive.ubuntu.com:80 (54.165.17.230), connection timed out Could not connect to us-east-1.ec2.archive.ubuntu.com:80 (3.87.126.146), connection timed out Could not connect to us-east-1.ec2.archive.ubuntu.com:80 (34.201.250.36), connection timed out
[   97.078019] cloud-init[1204]: Err:3 http://us-east-1.ec2.archive.ubuntu.com/ubuntu noble-updates InRelease
[   97.078325] cloud-init[1204]:   Cannot initiate the connection to us-east-1.ec2.archive.ubuntu.com:80 (2600:1f18:5c55:4c01:ed0c:fdfa:1470:afc0). - connect (101: Network is unreachable) Cannot initiate the connection to us-east-1.ec2.archive.ubuntu.com:80 (2600:1f18:5c55:4c02:b55:260f:8030:b812). - connect (101: Network is unreachable) Cannot initiate the connection to us-east-1.ec2.archive.ubuntu.com:80 (2600:1f18:5c55:4c01:32a9:41b2:cfa3:904a). - connect (101: Network is unreachable) Cannot initiate the connection to us-east-1.ec2.archive.ubuntu.com:80 (2600:1f18:5c55:4c00:e093:e2e5:23b4:529f). - connect (101: Network is unreachable) Cannot initiate the connection to us-east-1.ec2.archive.ubuntu.com:80 (2600:1f18:5c55:4c00:7447:9a97:fa56:cd92). - connect (101: Network is unreachable) Cannot initiate the connection to us-east-1.ec2.archive.ubuntu.com:80 (2600:1f18:5c55:4c04:b8fe:122c:bb55:6b84). - connect (101: Network is unreachable) Cannot initiate the connection to us-east-1[2025-10-28T10:02:58.570778].ec2.archive.ubuntu.com:80 (2600:1f18:5c55:4c00:2637:a32b:ccef:30d5). - connect (101: Network is unreachable) Cannot initiate the connection to us-east-1.ec2.archive.ubuntu.com:80 (2600:1f18:5c55:4c05:17c8:ad29:43bf:eb48). - connect (101: Network is unreachable) Cannot initiate the connection to us-east-1.ec2.archive.ubuntu.com:80 (2600:1f18:5c55:4c03:edb9:571f:f204:4ac8). - connect (101: Network is unreachable) Cannot initiate the connection to us-east-1.ec2.archive.ubuntu.com:80 (2600:1f18:5c55:4c02:7669:c120:50a2:9af4). - connect (101: Network is unreachable)
[   97.138355] cloud-init[1204]: Err:4 http://us-east-1.ec2.archive.ubuntu.com/ubuntu noble-backports InRelease
[   97.140228] cloud-init[1204]:   Cannot initiate the connection to us-east-1.ec2.archive.ubuntu.com:80 (2600:1f18:5c55:4c01:ed0c:fdfa:1470:afc0). - connect (101: Network is unreachable) Cannot initiate the connection to us-east-1.ec2.archive.ubuntu.com:80 (2600:1f18:5c55:4c02:b55:260f:8030:b812). - connect (101: Network is unreachable) Cannot initiate the connection to us-east-1.ec2.archive.ubuntu.com:80 (2600:1f18:5c55:4c01:32a9:41b2:cfa3:904a). - connect (101: Network is unreachable) Cannot initiate the connection to us-east-1.ec2.archive.ubuntu.com:80 (2600:1f18:5c55:4c00:e093:e2e5:23b4:529f). - connect (101: Network is unreachable) Cannot initiate the connection to us-east-1.ec2.archive.ubuntu.com:80 (2600:1f18:5c55:4c00:7447:9a97:fa56:cd92). - connect (101: Network is unreachable) Cannot initiate the connection to us-east-1.ec2.archive.ubuntu.com:80 (2600:1f18:5c55:4c04:b8fe:122c:bb55:6b84). - connect (101: Network is unreachable) Cannot initiate the connection to us-east-1[2025-10-28T10:02:58.670580].ec2.archive.ubuntu.com:80 (2600:1f18:5c55:4c00:2637:a32b:ccef:30d5). - connect (101: Network is unreachable) Cannot initiate the connection to us-east-1.ec2.archive.ubuntu.com:80 (2600:1f18:5c55:4c05:17c8:ad29:43bf:eb48). - connect (101: Network is unreachable) Cannot initiate the connection to us-east-1.ec2.archive.ubuntu.com:80 (2600:1f18:5c55:4c03:edb9:571f:f204:4ac8). - connect (101: Network is unreachable) Cannot initiate the connection to us-east-1.ec2.archive.ubuntu.com:80 (2600:1f18:5c55:4c02:7669:c120:50a2:9af4). - connect (101: Network is unreachable)
[   97.425203] cloud-init[1204]: Reading package lists...
[   97.431501] cloud-init[1204]: W: Failed to fetch http://us-east-1.ec2.archive.ubuntu.com/ubuntu/dists/noble/InRelease  Cannot initiate the connection to us-east-1.ec2.archive.ubuntu.com:80 (2600:1f18:5c55:4c01:ed0c:fdfa:1470:afc0). - connect (101: Network is unreachable) Cannot initiate the connection to us-east-1.ec2.archive.ubuntu.com:80 (2600:1f18:5c55:4c02:b55:260f:8030:b812). - connect (101: Network is unreachable) Cannot initiate the connection to us-east-1.ec2.archive.ubuntu.com:80 (2600:1f18:5c55:4c01:32a9:41b2:cfa3:904a). - connect (101: Network is unreachable) Cannot initiate the connection to us-east-1.ec2.archive.ubuntu.com:80 (2600:1f18:5c55:4c00:e093:e2e5:23b4:529f). - connect (101: Network is unreachable) Cannot initiate the connection to us-east-1.ec2.archive.ubuntu.com:80 (2600:1f18:5c55:4c00:7447:9a97:fa56:cd92). - connect (101: Network is unreachable) Cannot initiate the connection to us-east-1.ec2.archive.ubuntu.com:80 (2600:1f18:5c55:4c04:b8fe:122c:bb55:6b8[2025-10-28T10:02:58.970619]4). - connect (101: Network is unreachable) Cannot initiate the connection to us-east-1.ec2.archive.ubuntu.com:80 (2600:1f18:5c55:4c00:2637:a32b:ccef:30d5). - connect (101: Network is unreachable) Cannot initiate the connection to us-east-1.ec2.archive.ubuntu.com:80 (2600:1f18:5c55:4c05:17c8:ad29:43bf:eb48). - connect (101: Network is unreachable) Cannot initiate the connection to us-east-1.ec2.archive.ubuntu.com:80 (2600:1f18:5c55:4c03:edb9:571f:f204:4ac8). - connect (101: Network is unreachable) Cannot initiate the connection to us-east-1.ec2.archive.ubuntu.com:80 (2600:1f18:5c55:4c02:7669:c120:50a2:9af4). - connect (101: Network is unreachable) Could not connect to us-east-1.ec2.archive.ubuntu.com:80 (54.87.19.168), connection timed out Could not connect to us-east-1.ec2.archive.ubuntu.com:80 (54.144.148.213), connection timed out Could not connect to us-east-1.ec2.archive.ubuntu.com:80 (52.207.133.243), connection timed out Could not connect to us-east-1.ec2.archive.ubuntu.com[2025-10-28T10:02:58.970655]:80 (34.237.137.22), connection timed out Could not connect to us-east-1.ec2.archive.ubuntu.com:80 (52.91.65.63), connection timed out Could not connect to us-east-1.ec2.archive.ubuntu.com:80 (18.232.150.247), connection timed out Could not connect to us-east-1.ec2.archive.ubuntu.com:80 (3.209.10.109), connection timed out Could not connect to us-east-1.ec2.archive.ubuntu.com:80 (54.165.17.230), connection timed out Could not connect to us-east-1.ec2.archive.ubuntu.com:80 (3.87.126.146), connection timed out Could not connect to us-east-1.ec2.archive.ubuntu.com:80 (34.201.250.36), connection timed out
[   97.431790] cloud-init[1204]: W: Failed to fetch http://us-east-1.ec2.archive.ubuntu.com/ubuntu/dists/noble-updates/InRelease  Cannot initiate the connection to us-east-1.ec2.archive.ubuntu.com:80 (2600:1f18:5c55:4c01:ed0c:fdfa:1470:afc0). - connect (101: Network is unreachable) Cannot initiate the connection to us-east-1.ec2.archive.ubuntu.com:80 (2600:1f18:5c55:4c02:b55:260f:8030:b812). - connect (101: Network is unreachable) Cannot initiate the connection to us-east-1.ec2.archive.ubuntu.com:80 (2600:1f18:5c55:4c01:32a9:41b2:cfa3:904a). - connect (101: Network is unreachable) Cannot initiate the connection to us-east-1.ec2.archive.ubuntu.com:80 (2600:1f18:5c55:4c00:e093:e2e5:23b4:529f). - connect (101: Network is unreachable) Cannot initiate the connection to us-east-1.ec2.archive.ubuntu.com:80 (2600:1f18:5c55:4c00:7447:9a97:fa56:cd92). - connect (101: Network is unreachable) Cannot initiate the connection to us-east-1.ec2.archive.ubuntu.com:80 (2600:1f18:5c55:4c04:b8fe:122c:[2025-10-28T10:02:58.970723]bb55:6b84). - connect (101: Network is unreachable) Cannot initiate the connection to us-east-1.ec2.archive.ubuntu.com:80 (2600:1f18:5c55:4c00:2637:a32b:ccef:30d5). - connect (101: Network is unreachable) Cannot initiate the connection to us-east-1.ec2.archive.ubuntu.com:80 (2600:1f18:5c55:4c05:17c8:ad29:43bf:eb48). - connect (101: Network is unreachable) Cannot initiate the connection to us-east-1.ec2.archive.ubuntu.com:80 (2600:1f18:5c55:4c03:edb9:571f:f204:4ac8). - connect (101: Network is unreachable) Cannot initiate the connection to us-east-1.ec2.archive.ubuntu.com:80 (2600:1f18:5c55:4c02:7669:c120:50a2:9af4). - connect (101: Network is unreachable)
[   97.483843] cloud-init[1204]: W: Failed to fetch http://us-east-1.ec2.archive.ubuntu.com/ubuntu/dists/noble-backports/InRelease  Cannot initiate the connection to us-east-1.ec2.archive.ubuntu.com:80 (2600:1f18:5c55:4c01:ed0c:fdfa:1470:afc0). - connect (101: Network is unreachable) Cannot initiate the connection to us-east-1.ec2.archive.ubuntu.com:80 (2600:1f18:5c55:4c02:b55:260f:8030:b812). - connect (101: Network is unreachable) Cannot initiate the connection to us-east-1.ec2.archive.ubuntu.com:80 (2600:1f18:5c55:4c01:32a9:41b2:cfa3:904a). - connect (101: Network is unreachable) Cannot initiate the connection to us-east-1.ec2.archive.ubuntu.com:80 (2600:1f18:5c55:4c00:e093:e2e5:23b4:529f). - connect (101: Network is unreachable) Cannot initiate the connection to us-east-1.ec2.archive.ubuntu.com:80 (2600:1f18:5c55:4c00:7447:9a97:fa56:cd92). - connect (101: Network is unreachable) Cannot initiate the connection to us-east-1.ec2.archive.ubuntu.com:80 (2600:1f18:5c55:4c04:b8fe:122[2025-10-28T10:02:58.970809]c:bb55:6b84). - connect (101: Network is unreachable) Cannot initiate the connection to us-east-1.ec2.archive.ubuntu.com:80 (2600:1f18:5c55:4c00:2637:a32b:ccef:30d5). - connect (101: Network is unreachable) Cannot initiate the connection to us-east-1.ec2.archive.ubuntu.com:80 (2600:1f18:5c55:4c05:17c8:ad29:43bf:eb48). - connect (101: Network is unreachable) Cannot initiate the connection to us-east-1.ec2.archive.ubuntu.com:80 (2600:1f18:5c55:4c03:edb9:571f:f204:4ac8). - connect (101: Network is unreachable) Cannot initiate the connection to us-east-1.ec2.archive.ubuntu.com:80 (2600:1f18:5c55:4c02:7669:c120:50a2:9af4). - connect (101: Network is unreachable)
[   97.484062] cloud-init[1204]: W: Failed to fetch http://security.ubuntu.com/ubuntu/dists/noble-security/InRelease  Cannot initiate the connection to security.ubuntu.com:80 (2620:2d:4000:1::19). - connect (101: Network is unreachable) Cannot initiate the connection to security.ubuntu.com:80 (2620:2d:4000:1::101). - connect (101: Network is unreachable) Cannot initiate the connection to security.ubuntu.com:80 (2620:2d:4000:1::103). - connect (101: Network is unreachable) Cannot initiate the connection to security.ubuntu.com:80 (2620:2d:4000:1::16). - connect (101: Network is unreachable) Cannot initiate the connection to security.ubuntu.com:80 (2620:2d:4000:1::102). - connect (101: Network is unreachable) Cannot initiate the connection to security.ubuntu.com:80 (2620:2d:4002:1::103). - connect (101: Network is unreachable) Cannot initiate the connection to security.ubuntu.com:80 (2620:2d:4002:1::101). - connect (101: Network is unreachable) Cannot initiate the connection to secur[2025-10-28T10:02:58.970861]ity.ubuntu.com:80 (2620:2d:4002:1::102). - connect (101: Network is unreachable) Could not connect to security.ubuntu.com:80 (91.189.91.82), connection timed out Could not connect to security.ubuntu.com:80 (91.189.91.81), connection timed out Could not connect to security.ubuntu.com:80 (185.125.190.82), connection timed out Could not connect to security.ubuntu.com:80 (91.189.91.83), connection timed out Could not connect to security.ubuntu.com:80 (185.125.190.39), connection timed out Could not connect to security.ubuntu.com:80 (185.125.190.81), connection timed out Could not connect to security.ubuntu.com:80 (185.125.190.36), connection timed out Could not connect to security.ubuntu.com:80 (185.125.190.83), connection timed out
[   97.484465] cloud-init[1204]: W: Some index files failed to download. They have been ignored, or old ones used instead.
[   97.534309] cloud-init[1204]: Reading package lists...
[   97.571975] cloud-init[1204]: Building dependency tree...
[   97.573078] cloud-init[1204]: Reading state information...
[   97.579816] cloud-init[1204]: Package python3-pip is not available, but is referred to by another package.
[   97.581410] cloud-init[1204]: This may mean that the package is missing, has been obsoleted, or
[   97.582784] cloud-init[1204]: is only available from another source
[   97.583837] cloud-init[1204]: Package python3-venv is not available, but is referred to by another package.
[   97.583896] cloud-init[1204]: This may mean that the package is missing, has been obsoleted, or
[   97.586870] cloud-init[1204]: is only available from another source
[   97.587952] cloud-init[1204]: Package awscli is not available, but is referred to by another package.
[   97.589372] cloud-init[1204]: This may mean that the package is missing, has been obsoleted, or
[   97.590687] cloud-init[1204]: is only available from another source
[   97.590752] cloud-init[1204]: E: Package 'python3-pip' has no installation candidate
[   97.590795] cloud-init[1204]: E: Package 'python3-venv' has no installation candidate
[   97.590826] cloud-init[1204]: E: Unable to locate package nodejs
[   97.590860] cloud-init[1204]: E: Unable to locate package npm
[   97.590893] cloud-init[1204]: E: Package 'awscli' has no installation candidate
[   97.590926] cloud-init[1204]: /var/lib/cloud/instance/scripts/part-001: line 6: pip3: command not found
[   97.590958] cloud-init[1204]: sudo: aws: command not found
[   97.605598] cloud-init[1204]: sudo: aws: command not found
[   97.613879] cloud-init[1204]: sudo: aws: command not found
[   97.622731] cloud-init[1204]: sudo: aws: command not found
[   97.630518] cloud-init[1204]: sudo: aws: command not found
[   97.640974] cloud-init[1204]: sudo: aws: command not found
[   97.649855] cloud-init[1204]: sudo: aws: command not found
[   97.663569] cloud-init[1204]: === Contenido de modelv1prod.py ===
[   97.665075] cloud-init[1204]: cat: /home/ubuntu/app/modelv1prod.py: No such file or directory
[   97.666806] cloud-init[1204]: === Contenido de modelv2canary.py ===
[   97.667982] cloud-init[1204]: cat: /home/ubuntu/app/modelv2canary.py: No such file or directory
ci-info: +++++++++++++++++++++++++++++Authorized keys from /home/ubuntu/.ssh/authorized_keys for user ubuntu++++++++++++++++++++++++++++++
ci-info: +---------+-------------------------------------------------------------------------------------------------+---------+---------+
ci-info: | Keytype |                                       Fingerprint (sha256)                                      | Options | Comment |
ci-info: +---------+-------------------------------------------------------------------------------------------------+---------+---------+
ci-info: | ssh-rsa | 56:a6:a6:30:e1:88:bf:ec:5b:21:6e:59:fe:36:db:4c:b3:09:9d:30:cd:32:b8:63:46:28:c1:a3:2d:93:2f:28 |    -    |    pc   |
ci-info: +---------+-------------------------------------------------------------------------------------------------+---------+---------+
<14>Oct 28 10:02:59 cloud-init: #############################################################
<14>Oct 28 10:02:59 cloud-init: -----BEGIN SSH HOST KEY FINGERPRINTS-----
<14>Oct 28 10:02:59 cloud-init: 256 SHA256:FDpXiO5BJ86qLWn/czinxToijAOU449slB5YVhswPKQ root@ip-10-0-20-51 (ECDSA)
<14>Oct 28 10:02:59 cloud-init: 256 SHA256:On4zVDaGt/Uj0rk8uLRctRxm6sG13D0Y6ETqZb1Gtco root@ip-10-0-20-51 (ED25519)
<14>Oct 28 10:02:59 cloud-init: 3072 SHA256:z3vqCoPbkwxSPT49wLAWSLtmqTabs2rR4asE/tWcTFo root@ip-10-0-20-51 (RSA)
<14>Oct 28 10:02:59 cloud-init: -----END SSH HOST KEY FINGERPRINTS-----
<14>Oct 28 10:02:59 cloud-init: #############################################################
-----BEGIN SSH HOST KEY KEYS-----
ecdsa-sha2-nistp256 AAAAE2VjZHNhLXNoYTItbmlzdHAyNTYAAAAIbmlzdHAyNTYAAABBBDDPhE+McPmMJBqcZZtXpQfixBQ+xsqD2b0ZQK0g3w8S8db/Sl0/I4BRKeljosoCrCUpBPmVvCPy7ji/G40qem4= root@ip-10-0-20-51
ssh-ed25519 AAAAC3NzaC1lZDI1NTE5AAAAIPoWP+QdqS4rVqc0BnxoKSy3r0twPoyhl9PtCOE+DVEd root@ip-10-0-20-51
ssh-rsa AAAAB3NzaC1yc2EAAAADAQABAAABgQChCwiUc2OQ97rGcd9SoWyj0pZwxHqqzT0sl1saJ1k98yTyhk1uvmeDAHWWNhdnDiRns5PvGpgZCSlu01zx1IE8sERW7VGv9qR/OOPtuGUQN4IQONhkMdCtOxXKK/UnYyNzJ0NryblHJ3X4j7YfbEJbK2tCeCfE/Jd3/qmi5bew5e2soB76KtzBNzKLkRMBlORY2F0/OjhWYtml8YkPYBQIgmIsGCl95L1Tww54hBE2dwLaW3tTF4Z7YS1A681hjwnVYsaQ1JjFlRMoqXEXO0TXHSaK9HO30xmI2QxbDE3eLgv2dbxZqXYyax1v4+flROC55Ndw0gae2m34iuNcPk0QMDnG6A8kNW4xixbRRhfm3loD7X7k9rR5QTWtb2DR1AmbC2NQA2MXhVJG2M+gW+l+uaxiQug0VRRiDFiVw3HCBn8GK7YM2FsF+vE4N4Hn9AkxN6G97+8zalJTx7I4Jw+INz7M/s1JoLzQidt4ZdWouS+9AKSsGAc9tdHPj2WEf28= root@ip-10-0-20-51
-----END SSH HOST KEY KEYS-----
[   97.768167] cloud-init[1204]: Cloud-init v. 25.1.4-0ubuntu0~24.04.1 finished at Tue, 28 Oct 2025 10:02:59 +0000. Datasource DataSourceEc2Local.  Up 97.76 seconds